app/manifest-merger-release-report.txt
-- Merging decision tree log ---
manifest
ADDED from AndroidManifest.xml:2:1
	xmlns:android
		ADDED from AndroidManifest.xml:2:11
	package
		ADDED from AndroidManifest.xml:3:5
		INJECTED from AndroidManifest.xml:0:0
		INJECTED from AndroidManifest.xml:0:0
	android:versionName
		ADDED from AndroidManifest.xml:5:5
	android:versionCode
		ADDED from AndroidManifest.xml:4:5
		INJECTED from AndroidManifest.xml:0:0
		INJECTED from AndroidManifest.xml:0:0
	android:installLocation
		ADDED from AndroidManifest.xml:5:32
uses-sdk
ADDED from AndroidManifest.xml:7:5
MERGED from com.android.support:support-v4:21.0.0:15:5
MERGED from com.google.android.gms:play-services:6.5.87:18:5
MERGED from com.android.support:support-v4:21.0.0:15:5
	android:targetSdkVersion
		ADDED from AndroidManifest.xml:9:9
		INJECTED from AndroidManifest.xml:0:0
		INJECTED from AndroidManifest.xml:0:0
	android:minSdkVersion
		ADDED from AndroidManifest.xml:8:9
		INJECTED from AndroidManifest.xml:0:0
		INJECTED from AndroidManifest.xml:0:0
application
ADDED from AndroidManifest.xml:10:5
MERGED from com.android.support:support-v4:21.0.0:16:5
MERGED from com.google.android.gms:play-services:6.5.87:20:5
MERGED from com.android.support:support-v4:21.0.0:16:5
	android:label
		ADDED from AndroidManifest.xml:13:9
	android:allowBackup
		ADDED from AndroidManifest.xml:11:9
	android:icon
		ADDED from AndroidManifest.xml:12:9
	android:theme
		ADDED from AndroidManifest.xml:14:9
meta-data#com.google.android.gms.version
ADDED from AndroidManifest.xml:15:9
MERGED from com.google.android.gms:play-services:6.5.87:21:9
	android:name
		ADDED from AndroidManifest.xml:16:17
	android:value
		ADDED from AndroidManifest.xml:17:17
activity#com.mupool.MainActivity
ADDED from AndroidManifest.xml:18:9
	android:label
		ADDED from AndroidManifest.xml:20:13
	android:name
		ADDED from AndroidManifest.xml:19:13
intent-filter#android.intent.action.MAIN+android.intent.category.LAUNCHER
ADDED from AndroidManifest.xml:21:13
action#android.intent.action.MAIN
ADDED from AndroidManifest.xml:22:17
	android:name
		ADDED from AndroidManifest.xml:22:25
category#android.intent.category.LAUNCHER
ADDED from AndroidManifest.xml:24:17
	android:name
		ADDED from AndroidManifest.xml:24:27
activity#com.google.android.gms.ads.AdActivity
ADDED from AndroidManifest.xml:27:9
	android:configChanges
		ADDED from AndroidManifest.xml:28:21
	android:name
		ADDED from AndroidManifest.xml:27:19
uses-permission#android.permission.INTERNET
ADDED from AndroidManifest.xml:31:9
	android:name
		ADDED from AndroidManifest.xml:31:26
uses-permission#android.permission.ACCESS_NETWORK_STATE
ADDED from AndroidManifest.xml:32:3
	android:name
		ADDED from AndroidManifest.xml:32:20